<?xml version="1.0" encoding="UTF-8"?>
<testng-results skipped="0" failed="0" total="1" passed="1">
  <reporter-output>
  </reporter-output>
  <suite name="Default suite" duration-ms="54868" started-at="2015-09-21T11:25:24Z" finished-at="2015-09-21T11:26:19Z">
    <groups>
    </groups>
    <test name="Default test" duration-ms="54868" started-at="2015-09-21T11:25:24Z" finished-at="2015-09-21T11:26:19Z">
      <class name="com.cxb.cw.cxbTest">
        <test-method status="PASS" signature="setUp()[pri:0, instance:com.cxb.cw.cxbTest@a9e816]" name="setUp" is-config="true" duration-ms="18672" started-at="2015-09-21T19:25:24Z" finished-at="2015-09-21T19:25:42Z">
          <reporter-output>
          </reporter-output>
        </test-method> <!-- setUp -->
        <test-method status="PASS" signature="yijianfk()[pri:0, instance:com.cxb.cw.cxbTest@a9e816]" name="yijianfk" duration-ms="32693" started-at="2015-09-21T19:25:42Z" finished-at="2015-09-21T19:26:15Z">
          <reporter-output>
          </reporter-output>
        </test-method> <!-- yijianfk -->
        <test-method status="PASS" signature="tearDown()[pri:0, instance:com.cxb.cw.cxbTest@a9e816]" name="tearDown" is-config="true" duration-ms="3487" started-at="2015-09-21T19:26:15Z" finished-at="2015-09-21T19:26:19Z">
          <reporter-output>
          </reporter-output>
        </test-method> <!-- tearDown -->
      </class> <!-- com.cxb.cw.cxbTest -->
    </test> <!-- Default test -->
  </suite> <!-- Default suite -->
</testng-results>
